<?xml version="1.0" encoding="UTF-8"?>
<testsuite xmlns:xsi="http://www.w3.org/2001/XMLSchema-instance" xsi:noNamespaceSchemaLocation="https://maven.apache.org/surefire/maven-surefire-plugin/xsd/surefire-test-report.xsd" name="org.java.com.yh.calsheet.YhCalSheetApplicationTests" time="0.059" tests="9" errors="9" skipped="0" failures="0">
  <properties>
[...]
</properties>
  <testcase name="initializationError" classname="org.java.com.yh.calsheet.YhCalSheetApplicationTests" time="0.002">
    <error message="Test class should have exactly one public constructor" type="java.lang.Exception">java.lang.Exception: Test class should have exactly one public constructor
</error>
  </testcase>
  <testcase name="initializationError" classname="org.java.com.yh.calsheet.YhCalSheetApplicationTests" time="0">
    <error message="Class org.java.com.yh.calsheet.YhCalSheetApplicationTests should be public" type="java.lang.Exception">java.lang.Exception: Class org.java.com.yh.calsheet.YhCalSheetApplicationTests should be public
</error>
  </testcase>
  <testcase name="initializationError" classname="org.java.com.yh.calsheet.YhCalSheetApplicationTests" time="0">
    <error message="Method calculation() should be public" type="java.lang.Exception">java.lang.Exception: Method calculation() should be public
</error>
  </testcase>
  <testcase name="initializationError" classname="org.java.com.yh.calsheet.YhCalSheetApplicationTests" time="0">
    <error message="Class org.java.com.yh.calsheet.YhCalSheetApplicationTests should be public" type="java.lang.Exception">java.lang.Exception: Class org.java.com.yh.calsheet.YhCalSheetApplicationTests should be public
</error>
  </testcase>
  <testcase name="initializationError" classname="org.java.com.yh.calsheet.YhCalSheetApplicationTests" time="0">
    <error message="Method valueFillCal() should be public" type="java.lang.Exception">java.lang.Exception: Method valueFillCal() should be public
</error>
  </testcase>
  <testcase name="initializationError" classname="org.java.com.yh.calsheet.YhCalSheetApplicationTests" time="0">
    <error message="Class org.java.com.yh.calsheet.YhCalSheetApplicationTests should be public" type="java.lang.Exception">java.lang.Exception: Class org.java.com.yh.calsheet.YhCalSheetApplicationTests should be public
</error>
  </testcase>
  <testcase name="initializationError" classname="org.java.com.yh.calsheet.YhCalSheetApplicationTests" time="0">
    <error message="Method latexEquation() should be public" type="java.lang.Exception">java.lang.Exception: Method latexEquation() should be public
</error>
  </testcase>
  <testcase name="initializationError" classname="org.java.com.yh.calsheet.YhCalSheetApplicationTests" time="0">
    <error message="Class org.java.com.yh.calsheet.YhCalSheetApplicationTests should be public" type="java.lang.Exception">java.lang.Exception: Class org.java.com.yh.calsheet.YhCalSheetApplicationTests should be public
</error>
  </testcase>
  <testcase name="initializationError" classname="org.java.com.yh.calsheet.YhCalSheetApplicationTests" time="0">
    <error message="Method getParamTest() should be public" type="java.lang.Exception">java.lang.Exception: Method getParamTest() should be public
</error>
  </testcase>
</testsuite>